{"D:\\personal_expense_manager\\source-code\\backend\\server.js": {"path":"D:\\personal_expense_manager\\source-code\\backend\\server.js","statementMap":{"0":{"start":{"line":1,"column":16},"end":{"line":1,"column":34}},"1":{"start":{"line":2,"column":16},"end":{"line":2,"column":31}},"2":{"start":{"line":3,"column":18},"end":{"line":3,"column":47}},"3":{"start":{"line":4,"column":16},"end":{"line":4,"column":31}},"4":{"start":{"line":6,"column":0},"end":{"line":6,"column":27}},"5":{"start":{"line":8,"column":13},"end":{"line":8,"column":22}},"6":{"start":{"line":9,"column":13},"end":{"line":9,"column":37}},"7":{"start":{"line":12,"column":0},"end":{"line":12,"column":16}},"8":{"start":{"line":13,"column":0},"end":{"line":13,"column":24}},"9":{"start":{"line":16,"column":16},"end":{"line":22,"column":2}},"10":{"start":{"line":23,"column":0},"end":{"line":23,"column":26}},"11":{"start":{"line":26,"column":0},"end":{"line":26,"column":58}},"12":{"start":{"line":27,"column":0},"end":{"line":27,"column":61}},"13":{"start":{"line":28,"column":0},"end":{"line":28,"column":60}},"14":{"start":{"line":31,"column":0},"end":{"line":31,"column":61}},"15":{"start":{"line":34,"column":0},"end":{"line":40,"column":3}},"16":{"start":{"line":35,"column":2},"end":{"line":39,"column":3}},"17":{"start":{"line":36,"column":4},"end":{"line":36,"column":65}},"18":{"start":{"line":38,"column":4},"end":{"line":38,"column":11}},"19":{"start":{"line":43,"column":0},"end":{"line":47,"column":1}},"20":{"start":{"line":44,"column":2},"end":{"line":46,"column":5}},"21":{"start":{"line":45,"column":4},"end":{"line":45,"column":65}},"22":{"start":{"line":49,"column":0},"end":{"line":49,"column":21}}},"fnMap":{"0":{"name":"(anonymous_0)","decl":{"start":{"line":34,"column":8},"end":{"line":34,"column":9}},"loc":{"start":{"line":34,"column":28},"end":{"line":40,"column":1}},"line":34},"1":{"name":"(anonymous_1)","decl":{"start":{"line":44,"column":19},"end":{"line":44,"column":20}},"loc":{"start":{"line":44,"column":25},"end":{"line":46,"column":3}},"line":44}},"branchMap":{"0":{"loc":{"start":{"line":9,"column":13},"end":{"line":9,"column":37}},"type":"binary-expr","locations":[{"start":{"line":9,"column":13},"end":{"line":9,"column":29}},{"start":{"line":9,"column":33},"end":{"line":9,"column":37}}],"line":9},"1":{"loc":{"start":{"line":35,"column":2},"end":{"line":39,"column":3}},"type":"if","locations":[{"start":{"line":35,"column":2},"end":{"line":39,"column":3}},{"start":{"line":37,"column":9},"end":{"line":39,"column":3}}],"line":35},"2":{"loc":{"start":{"line":43,"column":0},"end":{"line":47,"column":1}},"type":"if","locations":[{"start":{"line":43,"column":0},"end":{"line":47,"column":1}},{"start":{},"end":{}}],"line":43}},"s":{"0":3,"1":3,"2":3,"3":3,"4":3,"5":3,"6":3,"7":3,"8":3,"9":3,"10":3,"11":3,"12":3,"13":3,"14":3,"15":3,"16":0,"17":0,"18":0,"19":3,"20":0,"21":0,"22":3},"f":{"0":0,"1":0},"b":{"0":[3,0],"1":[0,0],"2":[0,3]},"_coverageSchema":"1a1c01bbd47fc00a2c39e90264f33305004495a9","hash":"c7f4d39b180ed0e2ab7c8c227ffaa77a907475ce"}
,"D:\\personal_expense_manager\\source-code\\backend\\controllers\\auth.controller.js": {"path":"D:\\personal_expense_manager\\source-code\\backend\\controllers\\auth.controller.js","statementMap":{"0":{"start":{"line":1,"column":15},"end":{"line":1,"column":34}},"1":{"start":{"line":2,"column":12},"end":{"line":2,"column":35}},"2":{"start":{"line":3,"column":20},"end":{"line":3,"column":54}},"3":{"start":{"line":5,"column":19},"end":{"line":5,"column":69}},"4":{"start":{"line":6,"column":23},"end":{"line":6,"column":57}},"5":{"start":{"line":10,"column":40},"end":{"line":10,"column":48}},"6":{"start":{"line":12,"column":2},"end":{"line":14,"column":3}},"7":{"start":{"line":13,"column":4},"end":{"line":13,"column":78}},"8":{"start":{"line":15,"column":2},"end":{"line":17,"column":3}},"9":{"start":{"line":16,"column":4},"end":{"line":16,"column":80}},"10":{"start":{"line":19,"column":2},"end":{"line":40,"column":3}},"11":{"start":{"line":20,"column":17},"end":{"line":20,"column":26}},"12":{"start":{"line":21,"column":19},"end":{"line":24,"column":5}},"13":{"start":{"line":25,"column":4},"end":{"line":27,"column":5}},"14":{"start":{"line":26,"column":6},"end":{"line":26,"column":85}},"15":{"start":{"line":29,"column":26},"end":{"line":29,"column":57}},"16":{"start":{"line":30,"column":19},"end":{"line":33,"column":5}},"17":{"start":{"line":34,"column":17},"end":{"line":34,"column":31}},"18":{"start":{"line":35,"column":18},"end":{"line":35,"column":111}},"19":{"start":{"line":37,"column":4},"end":{"line":37,"column":110}},"20":{"start":{"line":39,"column":4},"end":{"line":39,"column":56}},"21":{"start":{"line":45,"column":33},"end":{"line":45,"column":41}},"22":{"start":{"line":47,"column":2},"end":{"line":49,"column":3}},"23":{"start":{"line":48,"column":4},"end":{"line":48,"column":87}},"24":{"start":{"line":51,"column":2},"end":{"line":71,"column":3}},"25":{"start":{"line":52,"column":17},"end":{"line":52,"column":26}},"26":{"start":{"line":53,"column":19},"end":{"line":56,"column":5}},"27":{"start":{"line":57,"column":4},"end":{"line":59,"column":5}},"28":{"start":{"line":58,"column":6},"end":{"line":58,"column":88}},"29":{"start":{"line":61,"column":17},"end":{"line":61,"column":31}},"30":{"start":{"line":62,"column":18},"end":{"line":62,"column":68}},"31":{"start":{"line":63,"column":4},"end":{"line":65,"column":5}},"32":{"start":{"line":64,"column":6},"end":{"line":64,"column":88}},"33":{"start":{"line":67,"column":18},"end":{"line":67,"column":111}},"34":{"start":{"line":68,"column":4},"end":{"line":68,"column":98}},"35":{"start":{"line":70,"column":4},"end":{"line":70,"column":56}},"36":{"start":{"line":76,"column":2},"end":{"line":76,"column":63}},"37":{"start":{"line":81,"column":2},"end":{"line":88,"column":3}},"38":{"start":{"line":82,"column":17},"end":{"line":82,"column":26}},"39":{"start":{"line":83,"column":19},"end":{"line":83,"column":117}},"40":{"start":{"line":84,"column":4},"end":{"line":84,"column":98}},"41":{"start":{"line":84,"column":29},"end":{"line":84,"column":98}},"42":{"start":{"line":85,"column":4},"end":{"line":85,"column":36}},"43":{"start":{"line":87,"column":4},"end":{"line":87,"column":56}},"44":{"start":{"line":93,"column":39},"end":{"line":93,"column":47}},"45":{"start":{"line":94,"column":2},"end":{"line":94,"column":100}},"46":{"start":{"line":94,"column":36},"end":{"line":94,"column":100}},"47":{"start":{"line":95,"column":2},"end":{"line":95,"column":110}},"48":{"start":{"line":95,"column":30},"end":{"line":95,"column":110}},"49":{"start":{"line":97,"column":2},"end":{"line":109,"column":3}},"50":{"start":{"line":98,"column":17},"end":{"line":98,"column":26}},"51":{"start":{"line":99,"column":19},"end":{"line":99,"column":99}},"52":{"start":{"line":100,"column":17},"end":{"line":100,"column":31}},"53":{"start":{"line":101,"column":18},"end":{"line":101,"column":71}},"54":{"start":{"line":102,"column":4},"end":{"line":102,"column":82}},"55":{"start":{"line":102,"column":16},"end":{"line":102,"column":82}},"56":{"start":{"line":104,"column":26},"end":{"line":104,"column":60}},"57":{"start":{"line":105,"column":4},"end":{"line":105,"column":104}},"58":{"start":{"line":106,"column":4},"end":{"line":106,"column":39}},"59":{"start":{"line":108,"column":4},"end":{"line":108,"column":56}},"60":{"start":{"line":112,"column":0},"end":{"line":112,"column":68}}},"fnMap":{"0":{"name":"register","decl":{"start":{"line":9,"column":15},"end":{"line":9,"column":23}},"loc":{"start":{"line":9,"column":34},"end":{"line":41,"column":1}},"line":9},"1":{"name":"login","decl":{"start":{"line":44,"column":15},"end":{"line":44,"column":20}},"loc":{"start":{"line":44,"column":31},"end":{"line":72,"column":1}},"line":44},"2":{"name":"logout","decl":{"start":{"line":75,"column":9},"end":{"line":75,"column":15}},"loc":{"start":{"line":75,"column":26},"end":{"line":77,"column":1}},"line":75},"3":{"name":"getMe","decl":{"start":{"line":80,"column":15},"end":{"line":80,"column":20}},"loc":{"start":{"line":80,"column":31},"end":{"line":89,"column":1}},"line":80},"4":{"name":"changePassword","decl":{"start":{"line":92,"column":15},"end":{"line":92,"column":29}},"loc":{"start":{"line":92,"column":40},"end":{"line":110,"column":1}},"line":92}},"branchMap":{"0":{"loc":{"start":{"line":5,"column":19},"end":{"line":5,"column":69}},"type":"binary-expr","locations":[{"start":{"line":5,"column":19},"end":{"line":5,"column":41}},{"start":{"line":5,"column":45},"end":{"line":5,"column":69}}],"line":5},"1":{"loc":{"start":{"line":6,"column":23},"end":{"line":6,"column":57}},"type":"binary-expr","locations":[{"start":{"line":6,"column":23},"end":{"line":6,"column":49}},{"start":{"line":6,"column":53},"end":{"line":6,"column":57}}],"line":6},"2":{"loc":{"start":{"line":12,"column":2},"end":{"line":14,"column":3}},"type":"if","locations":[{"start":{"line":12,"column":2},"end":{"line":14,"column":3}},{"start":{},"end":{}}],"line":12},"3":{"loc":{"start":{"line":12,"column":6},"end":{"line":12,"column":38}},"type":"binary-expr","locations":[{"start":{"line":12,"column":6},"end":{"line":12,"column":15}},{"start":{"line":12,"column":19},"end":{"line":12,"column":25}},{"start":{"line":12,"column":29},"end":{"line":12,"column":38}}],"line":12},"4":{"loc":{"start":{"line":15,"column":2},"end":{"line":17,"column":3}},"type":"if","locations":[{"start":{"line":15,"column":2},"end":{"line":17,"column":3}},{"start":{},"end":{}}],"line":15},"5":{"loc":{"start":{"line":25,"column":4},"end":{"line":27,"column":5}},"type":"if","locations":[{"start":{"line":25,"column":4},"end":{"line":27,"column":5}},{"start":{},"end":{}}],"line":25},"6":{"loc":{"start":{"line":47,"column":2},"end":{"line":49,"column":3}},"type":"if","locations":[{"start":{"line":47,"column":2},"end":{"line":49,"column":3}},{"start":{},"end":{}}],"line":47},"7":{"loc":{"start":{"line":47,"column":6},"end":{"line":47,"column":28}},"type":"binary-expr","locations":[{"start":{"line":47,"column":6},"end":{"line":47,"column":15}},{"start":{"line":47,"column":19},"end":{"line":47,"column":28}}],"line":47},"8":{"loc":{"start":{"line":57,"column":4},"end":{"line":59,"column":5}},"type":"if","locations":[{"start":{"line":57,"column":4},"end":{"line":59,"column":5}},{"start":{},"end":{}}],"line":57},"9":{"loc":{"start":{"line":63,"column":4},"end":{"line":65,"column":5}},"type":"if","locations":[{"start":{"line":63,"column":4},"end":{"line":65,"column":5}},{"start":{},"end":{}}],"line":63},"10":{"loc":{"start":{"line":84,"column":4},"end":{"line":84,"column":98}},"type":"if","locations":[{"start":{"line":84,"column":4},"end":{"line":84,"column":98}},{"start":{},"end":{}}],"line":84},"11":{"loc":{"start":{"line":94,"column":2},"end":{"line":94,"column":100}},"type":"if","locations":[{"start":{"line":94,"column":2},"end":{"line":94,"column":100}},{"start":{},"end":{}}],"line":94},"12":{"loc":{"start":{"line":94,"column":6},"end":{"line":94,"column":34}},"type":"binary-expr","locations":[{"start":{"line":94,"column":6},"end":{"line":94,"column":18}},{"start":{"line":94,"column":22},"end":{"line":94,"column":34}}],"line":94},"13":{"loc":{"start":{"line":95,"column":2},"end":{"line":95,"column":110}},"type":"if","locations":[{"start":{"line":95,"column":2},"end":{"line":95,"column":110}},{"start":{},"end":{}}],"line":95},"14":{"loc":{"start":{"line":102,"column":4},"end":{"line":102,"column":82}},"type":"if","locations":[{"start":{"line":102,"column":4},"end":{"line":102,"column":82}},{"start":{},"end":{}}],"line":102}},"s":{"0":3,"1":3,"2":3,"3":3,"4":3,"5":4,"6":4,"7":1,"8":3,"9":1,"10":2,"11":2,"12":2,"13":2,"14":1,"15":1,"16":1,"17":1,"18":1,"19":1,"20":0,"21":4,"22":4,"23":1,"24":3,"25":3,"26":3,"27":3,"28":1,"29":2,"30":2,"31":2,"32":1,"33":1,"34":1,"35":0,"36":1,"37":0,"38":0,"39":0,"40":0,"41":0,"42":0,"43":0,"44":0,"45":0,"46":0,"47":0,"48":0,"49":0,"50":0,"51":0,"52":0,"53":0,"54":0,"55":0,"56":0,"57":0,"58":0,"59":0,"60":3},"f":{"0":4,"1":4,"2":1,"3":0,"4":0},"b":{"0":[3,0],"1":[3,0],"2":[1,3],"3":[4,4,3],"4":[1,2],"5":[1,1],"6":[1,3],"7":[4,4],"8":[1,2],"9":[1,1],"10":[0,0],"11":[0,0],"12":[0,0],"13":[0,0],"14":[0,0]},"_coverageSchema":"1a1c01bbd47fc00a2c39e90264f33305004495a9","hash":"b0a9c4d3c913a51dfcba8f24eedb14d183679929"}
,"D:\\personal_expense_manager\\source-code\\backend\\controllers\\budget.controller.js": {"path":"D:\\personal_expense_manager\\source-code\\backend\\controllers\\budget.controller.js","statementMap":{"0":{"start":{"line":1,"column":20},"end":{"line":1,"column":54}},"1":{"start":{"line":5,"column":2},"end":{"line":45,"column":3}},"2":{"start":{"line":6,"column":17},"end":{"line":6,"column":26}},"3":{"start":{"line":7,"column":28},"end":{"line":7,"column":37}},"4":{"start":{"line":8,"column":19},"end":{"line":8,"column":30}},"5":{"start":{"line":10,"column":16},"end":{"line":10,"column":58}},"6":{"start":{"line":11,"column":19},"end":{"line":11,"column":27}},"7":{"start":{"line":12,"column":14},"end":{"line":12,"column":15}},"8":{"start":{"line":14,"column":4},"end":{"line":14,"column":83}},"9":{"start":{"line":14,"column":17},"end":{"line":14,"column":51}},"10":{"start":{"line":14,"column":52},"end":{"line":14,"column":81}},"11":{"start":{"line":15,"column":4},"end":{"line":15,"column":82}},"12":{"start":{"line":15,"column":17},"end":{"line":15,"column":51}},"13":{"start":{"line":15,"column":52},"end":{"line":15,"column":80}},"14":{"start":{"line":17,"column":4},"end":{"line":17,"column":38}},"15":{"start":{"line":18,"column":19},"end":{"line":18,"column":50}},"16":{"start":{"line":21,"column":16},"end":{"line":21,"column":26}},"17":{"start":{"line":22,"column":14},"end":{"line":22,"column":58}},"18":{"start":{"line":23,"column":14},"end":{"line":23,"column":57}},"19":{"start":{"line":25,"column":18},"end":{"line":33,"column":5}},"20":{"start":{"line":34,"column":21},"end":{"line":34,"column":23}},"21":{"start":{"line":35,"column":4},"end":{"line":35,"column":77}},"22":{"start":{"line":35,"column":30},"end":{"line":35,"column":73}},"23":{"start":{"line":37,"column":29},"end":{"line":40,"column":7}},"24":{"start":{"line":37,"column":51},"end":{"line":40,"column":5}},"25":{"start":{"line":42,"column":4},"end":{"line":42,"column":38}},"26":{"start":{"line":44,"column":4},"end":{"line":44,"column":56}},"27":{"start":{"line":50,"column":44},"end":{"line":50,"column":52}},"28":{"start":{"line":51,"column":2},"end":{"line":53,"column":3}},"29":{"start":{"line":52,"column":4},"end":{"line":52,"column":72}},"30":{"start":{"line":54,"column":2},"end":{"line":54,"column":89}},"31":{"start":{"line":54,"column":27},"end":{"line":54,"column":89}},"32":{"start":{"line":56,"column":2},"end":{"line":69,"column":3}},"33":{"start":{"line":57,"column":17},"end":{"line":57,"column":26}},"34":{"start":{"line":58,"column":19},"end":{"line":65,"column":5}},"35":{"start":{"line":66,"column":4},"end":{"line":66,"column":48}},"36":{"start":{"line":68,"column":4},"end":{"line":68,"column":56}},"37":{"start":{"line":74,"column":21},"end":{"line":74,"column":29}},"38":{"start":{"line":75,"column":2},"end":{"line":75,"column":100}},"39":{"start":{"line":75,"column":38},"end":{"line":75,"column":100}},"40":{"start":{"line":77,"column":2},"end":{"line":87,"column":3}},"41":{"start":{"line":78,"column":17},"end":{"line":78,"column":26}},"42":{"start":{"line":79,"column":19},"end":{"line":82,"column":5}},"43":{"start":{"line":83,"column":4},"end":{"line":83,"column":97}},"44":{"start":{"line":83,"column":29},"end":{"line":83,"column":97}},"45":{"start":{"line":84,"column":4},"end":{"line":84,"column":36}},"46":{"start":{"line":86,"column":4},"end":{"line":86,"column":56}},"47":{"start":{"line":92,"column":2},"end":{"line":102,"column":3}},"48":{"start":{"line":93,"column":17},"end":{"line":93,"column":26}},"49":{"start":{"line":94,"column":19},"end":{"line":97,"column":5}},"50":{"start":{"line":98,"column":4},"end":{"line":98,"column":97}},"51":{"start":{"line":98,"column":29},"end":{"line":98,"column":97}},"52":{"start":{"line":99,"column":4},"end":{"line":99,"column":39}},"53":{"start":{"line":101,"column":4},"end":{"line":101,"column":56}},"54":{"start":{"line":105,"column":0},"end":{"line":105,"column":74}}},"fnMap":{"0":{"name":"getBudgets","decl":{"start":{"line":4,"column":15},"end":{"line":4,"column":25}},"loc":{"start":{"line":4,"column":36},"end":{"line":46,"column":1}},"line":4},"1":{"name":"(anonymous_1)","decl":{"start":{"line":35,"column":23},"end":{"line":35,"column":24}},"loc":{"start":{"line":35,"column":28},"end":{"line":35,"column":75}},"line":35},"2":{"name":"(anonymous_2)","decl":{"start":{"line":37,"column":45},"end":{"line":37,"column":46}},"loc":{"start":{"line":37,"column":51},"end":{"line":40,"column":5}},"line":37},"3":{"name":"createBudget","decl":{"start":{"line":49,"column":15},"end":{"line":49,"column":27}},"loc":{"start":{"line":49,"column":38},"end":{"line":70,"column":1}},"line":49},"4":{"name":"updateBudget","decl":{"start":{"line":73,"column":15},"end":{"line":73,"column":27}},"loc":{"start":{"line":73,"column":38},"end":{"line":88,"column":1}},"line":73},"5":{"name":"deleteBudget","decl":{"start":{"line":91,"column":15},"end":{"line":91,"column":27}},"loc":{"start":{"line":91,"column":38},"end":{"line":103,"column":1}},"line":91}},"branchMap":{"0":{"loc":{"start":{"line":14,"column":4},"end":{"line":14,"column":83}},"type":"if","locations":[{"start":{"line":14,"column":4},"end":{"line":14,"column":83}},{"start":{},"end":{}}],"line":14},"1":{"loc":{"start":{"line":15,"column":4},"end":{"line":15,"column":82}},"type":"if","locations":[{"start":{"line":15,"column":4},"end":{"line":15,"column":82}},{"start":{},"end":{}}],"line":15},"2":{"loc":{"start":{"line":22,"column":14},"end":{"line":22,"column":58}},"type":"cond-expr","locations":[{"start":{"line":22,"column":22},"end":{"line":22,"column":37}},{"start":{"line":22,"column":40},"end":{"line":22,"column":58}}],"line":22},"3":{"loc":{"start":{"line":23,"column":14},"end":{"line":23,"column":57}},"type":"cond-expr","locations":[{"start":{"line":23,"column":22},"end":{"line":23,"column":36}},{"start":{"line":23,"column":40},"end":{"line":23,"column":57}}],"line":23},"4":{"loc":{"start":{"line":39,"column":13},"end":{"line":39,"column":38}},"type":"binary-expr","locations":[{"start":{"line":39,"column":13},"end":{"line":39,"column":33}},{"start":{"line":39,"column":37},"end":{"line":39,"column":38}}],"line":39},"5":{"loc":{"start":{"line":51,"column":2},"end":{"line":53,"column":3}},"type":"if","locations":[{"start":{"line":51,"column":2},"end":{"line":53,"column":3}},{"start":{},"end":{}}],"line":51},"6":{"loc":{"start":{"line":51,"column":6},"end":{"line":51,"column":45}},"type":"binary-expr","locations":[{"start":{"line":51,"column":6},"end":{"line":51,"column":15}},{"start":{"line":51,"column":19},"end":{"line":51,"column":26}},{"start":{"line":51,"column":30},"end":{"line":51,"column":36}},{"start":{"line":51,"column":40},"end":{"line":51,"column":45}}],"line":51},"7":{"loc":{"start":{"line":54,"column":2},"end":{"line":54,"column":89}},"type":"if","locations":[{"start":{"line":54,"column":2},"end":{"line":54,"column":89}},{"start":{},"end":{}}],"line":54},"8":{"loc":{"start":{"line":75,"column":2},"end":{"line":75,"column":100}},"type":"if","locations":[{"start":{"line":75,"column":2},"end":{"line":75,"column":100}},{"start":{},"end":{}}],"line":75},"9":{"loc":{"start":{"line":75,"column":6},"end":{"line":75,"column":36}},"type":"binary-expr","locations":[{"start":{"line":75,"column":6},"end":{"line":75,"column":13}},{"start":{"line":75,"column":17},"end":{"line":75,"column":36}}],"line":75},"10":{"loc":{"start":{"line":83,"column":4},"end":{"line":83,"column":97}},"type":"if","locations":[{"start":{"line":83,"column":4},"end":{"line":83,"column":97}},{"start":{},"end":{}}],"line":83},"11":{"loc":{"start":{"line":98,"column":4},"end":{"line":98,"column":97}},"type":"if","locations":[{"start":{"line":98,"column":4},"end":{"line":98,"column":97}},{"start":{},"end":{}}],"line":98}},"s":{"0":3,"1":1,"2":1,"3":1,"4":1,"5":1,"6":1,"7":1,"8":1,"9":1,"10":1,"11":1,"12":1,"13":1,"14":1,"15":1,"16":1,"17":1,"18":1,"19":1,"20":1,"21":1,"22":1,"23":1,"24":1,"25":1,"26":0,"27":2,"28":2,"29":1,"30":1,"31":0,"32":1,"33":1,"34":1,"35":1,"36":0,"37":0,"38":0,"39":0,"40":0,"41":0,"42":0,"43":0,"44":0,"45":0,"46":0,"47":2,"48":2,"49":2,"50":2,"51":1,"52":1,"53":0,"54":3},"f":{"0":1,"1":1,"2":1,"3":2,"4":0,"5":2},"b":{"0":[1,0],"1":[1,0],"2":[1,0],"3":[1,0],"4":[1,0],"5":[1,1],"6":[2,2,1,1],"7":[0,1],"8":[0,0],"9":[0,0],"10":[0,0],"11":[1,1]},"_coverageSchema":"1a1c01bbd47fc00a2c39e90264f33305004495a9","hash":"aeafe42cb8ea57b176c7c66a05da110608577a09"}
,"D:\\personal_expense_manager\\source-code\\backend\\controllers\\expense.controller.js": {"path":"D:\\personal_expense_manager\\source-code\\backend\\controllers\\expense.controller.js","statementMap":{"0":{"start":{"line":1,"column":20},"end":{"line":1,"column":54}},"1":{"start":{"line":5,"column":2},"end":{"line":48,"column":3}},"2":{"start":{"line":6,"column":17},"end":{"line":6,"column":26}},"3":{"start":{"line":7,"column":61},"end":{"line":7,"column":70}},"4":{"start":{"line":8,"column":19},"end":{"line":8,"column":30}},"5":{"start":{"line":9,"column":19},"end":{"line":9,"column":57}},"6":{"start":{"line":11,"column":21},"end":{"line":11,"column":37}},"7":{"start":{"line":12,"column":17},"end":{"line":12,"column":25}},"8":{"start":{"line":13,"column":14},"end":{"line":13,"column":15}},"9":{"start":{"line":15,"column":4},"end":{"line":18,"column":5}},"10":{"start":{"line":16,"column":6},"end":{"line":16,"column":46}},"11":{"start":{"line":17,"column":6},"end":{"line":17,"column":28}},"12":{"start":{"line":19,"column":4},"end":{"line":22,"column":5}},"13":{"start":{"line":20,"column":6},"end":{"line":20,"column":53}},"14":{"start":{"line":21,"column":6},"end":{"line":21,"column":33}},"15":{"start":{"line":24,"column":20},"end":{"line":29,"column":5}},"16":{"start":{"line":30,"column":20},"end":{"line":30,"column":56}},"17":{"start":{"line":32,"column":18},"end":{"line":32,"column":53}},"18":{"start":{"line":35,"column":21},"end":{"line":35,"column":87}},"19":{"start":{"line":36,"column":18},"end":{"line":36,"column":50}},"20":{"start":{"line":39,"column":4},"end":{"line":39,"column":41}},"21":{"start":{"line":40,"column":19},"end":{"line":43,"column":5}},"22":{"start":{"line":45,"column":4},"end":{"line":45,"column":96}},"23":{"start":{"line":47,"column":4},"end":{"line":47,"column":56}},"24":{"start":{"line":53,"column":99},"end":{"line":53,"column":107}},"25":{"start":{"line":55,"column":2},"end":{"line":57,"column":3}},"26":{"start":{"line":56,"column":4},"end":{"line":56,"column":72}},"27":{"start":{"line":58,"column":2},"end":{"line":60,"column":3}},"28":{"start":{"line":59,"column":4},"end":{"line":59,"column":70}},"29":{"start":{"line":62,"column":2},"end":{"line":72,"column":3}},"30":{"start":{"line":63,"column":17},"end":{"line":63,"column":26}},"31":{"start":{"line":64,"column":19},"end":{"line":68,"column":5}},"32":{"start":{"line":69,"column":4},"end":{"line":69,"column":48}},"33":{"start":{"line":71,"column":4},"end":{"line":71,"column":56}},"34":{"start":{"line":77,"column":17},"end":{"line":77,"column":27}},"35":{"start":{"line":78,"column":84},"end":{"line":78,"column":92}},"36":{"start":{"line":80,"column":2},"end":{"line":82,"column":3}},"37":{"start":{"line":81,"column":4},"end":{"line":81,"column":72}},"38":{"start":{"line":83,"column":2},"end":{"line":85,"column":3}},"39":{"start":{"line":84,"column":4},"end":{"line":84,"column":70}},"40":{"start":{"line":87,"column":2},"end":{"line":104,"column":3}},"41":{"start":{"line":88,"column":17},"end":{"line":88,"column":26}},"42":{"start":{"line":89,"column":19},"end":{"line":97,"column":5}},"43":{"start":{"line":98,"column":4},"end":{"line":100,"column":5}},"44":{"start":{"line":99,"column":6},"end":{"line":99,"column":73}},"45":{"start":{"line":101,"column":4},"end":{"line":101,"column":36}},"46":{"start":{"line":103,"column":4},"end":{"line":103,"column":56}},"47":{"start":{"line":109,"column":2},"end":{"line":121,"column":3}},"48":{"start":{"line":110,"column":17},"end":{"line":110,"column":26}},"49":{"start":{"line":111,"column":19},"end":{"line":114,"column":5}},"50":{"start":{"line":115,"column":4},"end":{"line":117,"column":5}},"51":{"start":{"line":116,"column":6},"end":{"line":116,"column":73}},"52":{"start":{"line":118,"column":4},"end":{"line":118,"column":39}},"53":{"start":{"line":120,"column":4},"end":{"line":120,"column":56}},"54":{"start":{"line":124,"column":0},"end":{"line":124,"column":78}}},"fnMap":{"0":{"name":"getExpenses","decl":{"start":{"line":4,"column":15},"end":{"line":4,"column":26}},"loc":{"start":{"line":4,"column":37},"end":{"line":49,"column":1}},"line":4},"1":{"name":"createExpense","decl":{"start":{"line":52,"column":15},"end":{"line":52,"column":28}},"loc":{"start":{"line":52,"column":39},"end":{"line":73,"column":1}},"line":52},"2":{"name":"updateExpense","decl":{"start":{"line":76,"column":15},"end":{"line":76,"column":28}},"loc":{"start":{"line":76,"column":39},"end":{"line":105,"column":1}},"line":76},"3":{"name":"deleteExpense","decl":{"start":{"line":108,"column":15},"end":{"line":108,"column":28}},"loc":{"start":{"line":108,"column":39},"end":{"line":122,"column":1}},"line":108}},"branchMap":{"0":{"loc":{"start":{"line":7,"column":36},"end":{"line":7,"column":44}},"type":"default-arg","locations":[{"start":{"line":7,"column":43},"end":{"line":7,"column":44}}],"line":7},"1":{"loc":{"start":{"line":7,"column":46},"end":{"line":7,"column":56}},"type":"default-arg","locations":[{"start":{"line":7,"column":54},"end":{"line":7,"column":56}}],"line":7},"2":{"loc":{"start":{"line":15,"column":4},"end":{"line":18,"column":5}},"type":"if","locations":[{"start":{"line":15,"column":4},"end":{"line":18,"column":5}},{"start":{},"end":{}}],"line":15},"3":{"loc":{"start":{"line":19,"column":4},"end":{"line":22,"column":5}},"type":"if","locations":[{"start":{"line":19,"column":4},"end":{"line":22,"column":5}},{"start":{},"end":{}}],"line":19},"4":{"loc":{"start":{"line":30,"column":20},"end":{"line":30,"column":56}},"type":"binary-expr","locations":[{"start":{"line":30,"column":20},"end":{"line":30,"column":33}},{"start":{"line":30,"column":37},"end":{"line":30,"column":56}}],"line":30},"5":{"loc":{"start":{"line":53,"column":47},"end":{"line":53,"column":67}},"type":"default-arg","locations":[{"start":{"line":53,"column":62},"end":{"line":53,"column":67}}],"line":53},"6":{"loc":{"start":{"line":53,"column":69},"end":{"line":53,"column":94}},"type":"default-arg","locations":[{"start":{"line":53,"column":90},"end":{"line":53,"column":94}}],"line":53},"7":{"loc":{"start":{"line":55,"column":2},"end":{"line":57,"column":3}},"type":"if","locations":[{"start":{"line":55,"column":2},"end":{"line":57,"column":3}},{"start":{},"end":{}}],"line":55},"8":{"loc":{"start":{"line":55,"column":6},"end":{"line":55,"column":51}},"type":"binary-expr","locations":[{"start":{"line":55,"column":6},"end":{"line":55,"column":18}},{"start":{"line":55,"column":22},"end":{"line":55,"column":29}},{"start":{"line":55,"column":33},"end":{"line":55,"column":42}},{"start":{"line":55,"column":46},"end":{"line":55,"column":51}}],"line":55},"9":{"loc":{"start":{"line":58,"column":2},"end":{"line":60,"column":3}},"type":"if","locations":[{"start":{"line":58,"column":2},"end":{"line":60,"column":3}},{"start":{},"end":{}}],"line":58},"10":{"loc":{"start":{"line":67,"column":86},"end":{"line":67,"column":112}},"type":"binary-expr","locations":[{"start":{"line":67,"column":86},"end":{"line":67,"column":104}},{"start":{"line":67,"column":108},"end":{"line":67,"column":112}}],"line":67},"11":{"loc":{"start":{"line":80,"column":2},"end":{"line":82,"column":3}},"type":"if","locations":[{"start":{"line":80,"column":2},"end":{"line":82,"column":3}},{"start":{},"end":{}}],"line":80},"12":{"loc":{"start":{"line":80,"column":6},"end":{"line":80,"column":51}},"type":"binary-expr","locations":[{"start":{"line":80,"column":6},"end":{"line":80,"column":18}},{"start":{"line":80,"column":22},"end":{"line":80,"column":29}},{"start":{"line":80,"column":33},"end":{"line":80,"column":42}},{"start":{"line":80,"column":46},"end":{"line":80,"column":51}}],"line":80},"13":{"loc":{"start":{"line":83,"column":2},"end":{"line":85,"column":3}},"type":"if","locations":[{"start":{"line":83,"column":2},"end":{"line":85,"column":3}},{"start":{},"end":{}}],"line":83},"14":{"loc":{"start":{"line":96,"column":7},"end":{"line":96,"column":28}},"type":"binary-expr","locations":[{"start":{"line":96,"column":7},"end":{"line":96,"column":19}},{"start":{"line":96,"column":23},"end":{"line":96,"column":28}}],"line":96},"15":{"loc":{"start":{"line":96,"column":30},"end":{"line":96,"column":56}},"type":"binary-expr","locations":[{"start":{"line":96,"column":30},"end":{"line":96,"column":48}},{"start":{"line":96,"column":52},"end":{"line":96,"column":56}}],"line":96},"16":{"loc":{"start":{"line":98,"column":4},"end":{"line":100,"column":5}},"type":"if","locations":[{"start":{"line":98,"column":4},"end":{"line":100,"column":5}},{"start":{},"end":{}}],"line":98},"17":{"loc":{"start":{"line":115,"column":4},"end":{"line":117,"column":5}},"type":"if","locations":[{"start":{"line":115,"column":4},"end":{"line":117,"column":5}},{"start":{},"end":{}}],"line":115}},"s":{"0":3,"1":1,"2":1,"3":1,"4":1,"5":1,"6":1,"7":1,"8":1,"9":1,"10":0,"11":0,"12":1,"13":0,"14":0,"15":1,"16":1,"17":1,"18":1,"19":1,"20":1,"21":1,"22":1,"23":0,"24":3,"25":3,"26":1,"27":2,"28":1,"29":1,"30":1,"31":1,"32":1,"33":0,"34":2,"35":2,"36":2,"37":1,"38":1,"39":0,"40":1,"41":1,"42":1,"43":1,"44":0,"45":1,"46":0,"47":2,"48":2,"49":2,"50":2,"51":1,"52":1,"53":0,"54":3},"f":{"0":1,"1":3,"2":2,"3":2},"b":{"0":[1],"1":[1],"2":[0,1],"3":[0,1],"4":[1,1],"5":[3],"6":[3],"7":[1,2],"8":[3,3,2,2],"9":[1,1],"10":[1,1],"11":[1,1],"12":[2,2,1,1],"13":[0,1],"14":[1,1],"15":[1,1],"16":[0,1],"17":[1,1]},"_coverageSchema":"1a1c01bbd47fc00a2c39e90264f33305004495a9","hash":"547158ed505eb14941ba520c81633b9f2807c345"}
,"D:\\personal_expense_manager\\source-code\\backend\\middlewares\\auth.middleware.js": {"path":"D:\\personal_expense_manager\\source-code\\backend\\middlewares\\auth.middleware.js","statementMap":{"0":{"start":{"line":1,"column":12},"end":{"line":1,"column":35}},"1":{"start":{"line":4,"column":21},"end":{"line":4,"column":71}},"2":{"start":{"line":5,"column":21},"end":{"line":5,"column":49}},"3":{"start":{"line":6,"column":2},"end":{"line":8,"column":3}},"4":{"start":{"line":7,"column":4},"end":{"line":7,"column":91}},"5":{"start":{"line":10,"column":16},"end":{"line":10,"column":40}},"6":{"start":{"line":11,"column":2},"end":{"line":20,"column":3}},"7":{"start":{"line":12,"column":20},"end":{"line":12,"column":49}},"8":{"start":{"line":13,"column":4},"end":{"line":13,"column":23}},"9":{"start":{"line":14,"column":4},"end":{"line":14,"column":11}},"10":{"start":{"line":16,"column":4},"end":{"line":18,"column":5}},"11":{"start":{"line":17,"column":6},"end":{"line":17,"column":100}},"12":{"start":{"line":19,"column":4},"end":{"line":19,"column":66}},"13":{"start":{"line":23,"column":0},"end":{"line":23,"column":36}}},"fnMap":{"0":{"name":"authMiddleware","decl":{"start":{"line":3,"column":9},"end":{"line":3,"column":23}},"loc":{"start":{"line":3,"column":40},"end":{"line":21,"column":1}},"line":3}},"branchMap":{"0":{"loc":{"start":{"line":4,"column":21},"end":{"line":4,"column":71}},"type":"binary-expr","locations":[{"start":{"line":4,"column":21},"end":{"line":4,"column":43}},{"start":{"line":4,"column":47},"end":{"line":4,"column":71}}],"line":4},"1":{"loc":{"start":{"line":6,"column":2},"end":{"line":8,"column":3}},"type":"if","locations":[{"start":{"line":6,"column":2},"end":{"line":8,"column":3}},{"start":{},"end":{}}],"line":6},"2":{"loc":{"start":{"line":6,"column":6},"end":{"line":6,"column":54}},"type":"binary-expr","locations":[{"start":{"line":6,"column":6},"end":{"line":6,"column":17}},{"start":{"line":6,"column":21},"end":{"line":6,"column":54}}],"line":6},"3":{"loc":{"start":{"line":16,"column":4},"end":{"line":18,"column":5}},"type":"if","locations":[{"start":{"line":16,"column":4},"end":{"line":18,"column":5}},{"start":{},"end":{}}],"line":16}},"s":{"0":3,"1":18,"2":18,"3":18,"4":5,"5":13,"6":13,"7":13,"8":13,"9":13,"10":0,"11":0,"12":0,"13":3},"f":{"0":18},"b":{"0":[18,0],"1":[5,13],"2":[18,13],"3":[0,0]},"_coverageSchema":"1a1c01bbd47fc00a2c39e90264f33305004495a9","hash":"99438f53f03956602b29312f86a8fd640a620e44"}
,"D:\\personal_expense_manager\\source-code\\backend\\routes\\auth.routes.js": {"path":"D:\\personal_expense_manager\\source-code\\backend\\routes\\auth.routes.js","statementMap":{"0":{"start":{"line":1,"column":16},"end":{"line":1,"column":34}},"1":{"start":{"line":2,"column":15},"end":{"line":2,"column":31}},"2":{"start":{"line":3,"column":59},"end":{"line":3,"column":100}},"3":{"start":{"line":4,"column":27},"end":{"line":4,"column":68}},"4":{"start":{"line":6,"column":0},"end":{"line":6,"column":35}},"5":{"start":{"line":7,"column":0},"end":{"line":7,"column":32}},"6":{"start":{"line":8,"column":0},"end":{"line":8,"column":33}},"7":{"start":{"line":9,"column":0},"end":{"line":9,"column":48}},"8":{"start":{"line":10,"column":0},"end":{"line":10,"column":64}},"9":{"start":{"line":12,"column":0},"end":{"line":12,"column":24}}},"fnMap":{},"branchMap":{},"s":{"0":3,"1":3,"2":3,"3":3,"4":3,"5":3,"6":3,"7":3,"8":3,"9":3},"f":{},"b":{},"_coverageSchema":"1a1c01bbd47fc00a2c39e90264f33305004495a9","hash":"e8f03938fff21546ce7e898a00e24942e75cad99"}
,"D:\\personal_expense_manager\\source-code\\backend\\routes\\budget.routes.js": {"path":"D:\\personal_expense_manager\\source-code\\backend\\routes\\budget.routes.js","statementMap":{"0":{"start":{"line":1,"column":16},"end":{"line":1,"column":34}},"1":{"start":{"line":2,"column":15},"end":{"line":2,"column":31}},"2":{"start":{"line":3,"column":65},"end":{"line":3,"column":108}},"3":{"start":{"line":4,"column":27},"end":{"line":4,"column":68}},"4":{"start":{"line":6,"column":0},"end":{"line":6,"column":27}},"5":{"start":{"line":8,"column":0},"end":{"line":8,"column":34}},"6":{"start":{"line":9,"column":0},"end":{"line":9,"column":36}},"7":{"start":{"line":10,"column":0},"end":{"line":10,"column":36}},"8":{"start":{"line":11,"column":0},"end":{"line":11,"column":36}},"9":{"start":{"line":13,"column":0},"end":{"line":13,"column":24}}},"fnMap":{},"branchMap":{},"s":{"0":3,"1":3,"2":3,"3":3,"4":3,"5":3,"6":3,"7":3,"8":3,"9":3},"f":{},"b":{},"_coverageSchema":"1a1c01bbd47fc00a2c39e90264f33305004495a9","hash":"dbc1997d3210c9bb8897384ddd0180915a71dfe2"}
,"D:\\personal_expense_manager\\source-code\\backend\\routes\\expense.routes.js": {"path":"D:\\personal_expense_manager\\source-code\\backend\\routes\\expense.routes.js","statementMap":{"0":{"start":{"line":1,"column":16},"end":{"line":1,"column":34}},"1":{"start":{"line":2,"column":15},"end":{"line":2,"column":31}},"2":{"start":{"line":3,"column":69},"end":{"line":3,"column":113}},"3":{"start":{"line":4,"column":27},"end":{"line":4,"column":68}},"4":{"start":{"line":6,"column":0},"end":{"line":6,"column":27}},"5":{"start":{"line":8,"column":0},"end":{"line":8,"column":33}},"6":{"start":{"line":9,"column":0},"end":{"line":9,"column":35}},"7":{"start":{"line":10,"column":0},"end":{"line":10,"column":35}},"8":{"start":{"line":11,"column":0},"end":{"line":11,"column":37}},"9":{"start":{"line":13,"column":0},"end":{"line":13,"column":24}}},"fnMap":{},"branchMap":{},"s":{"0":3,"1":3,"2":3,"3":3,"4":3,"5":3,"6":3,"7":3,"8":3,"9":3},"f":{},"b":{},"_coverageSchema":"1a1c01bbd47fc00a2c39e90264f33305004495a9","hash":"435d9f2095000722cadbdd4c7260bec85b2f8aa4"}
}
