TN:
SF:server.js
FN:34,(anonymous_0)
FN:44,(anonymous_1)
FNF:2
FNH:0
FNDA:0,(anonymous_0)
FNDA:0,(anonymous_1)
DA:1,3
DA:2,3
DA:3,3
DA:4,3
DA:6,3
DA:8,3
DA:9,3
DA:12,3
DA:13,3
DA:16,3
DA:23,3
DA:26,3
DA:27,3
DA:28,3
DA:31,3
DA:34,3
DA:35,0
DA:36,0
DA:38,0
DA:43,3
DA:44,0
DA:45,0
DA:49,3
LF:23
LH:18
BRDA:9,0,0,3
BRDA:9,0,1,0
BRDA:35,1,0,0
BRDA:35,1,1,0
BRDA:43,2,0,0
BRDA:43,2,1,3
BRF:6
BRH:2
end_of_record
TN:
SF:controllers\auth.controller.js
FN:9,register
FN:44,login
FN:75,logout
FN:80,getMe
FN:92,changePassword
FNF:5
FNH:3
FNDA:4,register
FNDA:4,login
FNDA:1,logout
FNDA:0,getMe
FNDA:0,changePassword
DA:1,3
DA:2,3
DA:3,3
DA:5,3
DA:6,3
DA:10,4
DA:12,4
DA:13,1
DA:15,3
DA:16,1
DA:19,2
DA:20,2
DA:21,2
DA:25,2
DA:26,1
DA:29,1
DA:30,1
DA:34,1
DA:35,1
DA:37,1
DA:39,0
DA:45,4
DA:47,4
DA:48,1
DA:51,3
DA:52,3
DA:53,3
DA:57,3
DA:58,1
DA:61,2
DA:62,2
DA:63,2
DA:64,1
DA:67,1
DA:68,1
DA:70,0
DA:76,1
DA:81,0
DA:82,0
DA:83,0
DA:84,0
DA:85,0
DA:87,0
DA:93,0
DA:94,0
DA:95,0
DA:97,0
DA:98,0
DA:99,0
DA:100,0
DA:101,0
DA:102,0
DA:104,0
DA:105,0
DA:106,0
DA:108,0
DA:112,3
LF:57
LH:36
BRDA:5,0,0,3
BRDA:5,0,1,0
BRDA:6,1,0,3
BRDA:6,1,1,0
BRDA:12,2,0,1
BRDA:12,2,1,3
BRDA:12,3,0,4
BRDA:12,3,1,4
BRDA:12,3,2,3
BRDA:15,4,0,1
BRDA:15,4,1,2
BRDA:25,5,0,1
BRDA:25,5,1,1
BRDA:47,6,0,1
BRDA:47,6,1,3
BRDA:47,7,0,4
BRDA:47,7,1,4
BRDA:57,8,0,1
BRDA:57,8,1,2
BRDA:63,9,0,1
BRDA:63,9,1,1
BRDA:84,10,0,0
BRDA:84,10,1,0
BRDA:94,11,0,0
BRDA:94,11,1,0
BRDA:94,12,0,0
BRDA:94,12,1,0
BRDA:95,13,0,0
BRDA:95,13,1,0
BRDA:102,14,0,0
BRDA:102,14,1,0
BRF:31
BRH:19
end_of_record
TN:
SF:controllers\budget.controller.js
FN:4,getBudgets
FN:35,(anonymous_1)
FN:37,(anonymous_2)
FN:49,createBudget
FN:73,updateBudget
FN:91,deleteBudget
FNF:6
FNH:5
FNDA:1,getBudgets
FNDA:1,(anonymous_1)
FNDA:1,(anonymous_2)
FNDA:2,createBudget
FNDA:0,updateBudget
FNDA:2,deleteBudget
DA:1,3
DA:5,1
DA:6,1
DA:7,1
DA:8,1
DA:10,1
DA:11,1
DA:12,1
DA:14,1
DA:15,1
DA:17,1
DA:18,1
DA:21,1
DA:22,1
DA:23,1
DA:25,1
DA:34,1
DA:35,1
DA:37,1
DA:42,1
DA:44,0
DA:50,2
DA:51,2
DA:52,1
DA:54,1
DA:56,1
DA:57,1
DA:58,1
DA:66,1
DA:68,0
DA:74,0
DA:75,0
DA:77,0
DA:78,0
DA:79,0
DA:83,0
DA:84,0
DA:86,0
DA:92,2
DA:93,2
DA:94,2
DA:98,2
DA:99,1
DA:101,0
DA:105,3
LF:45
LH:34
BRDA:14,0,0,1
BRDA:14,0,1,0
BRDA:15,1,0,1
BRDA:15,1,1,0
BRDA:22,2,0,1
BRDA:22,2,1,0
BRDA:23,3,0,1
BRDA:23,3,1,0
BRDA:39,4,0,1
BRDA:39,4,1,0
BRDA:51,5,0,1
BRDA:51,5,1,1
BRDA:51,6,0,2
BRDA:51,6,1,2
BRDA:51,6,2,1
BRDA:51,6,3,1
BRDA:54,7,0,0
BRDA:54,7,1,1
BRDA:75,8,0,0
BRDA:75,8,1,0
BRDA:75,9,0,0
BRDA:75,9,1,0
BRDA:83,10,0,0
BRDA:83,10,1,0
BRDA:98,11,0,1
BRDA:98,11,1,1
BRF:26
BRH:14
end_of_record
TN:
SF:controllers\expense.controller.js
FN:4,getExpenses
FN:52,createExpense
FN:76,updateExpense
FN:108,deleteExpense
FNF:4
FNH:4
FNDA:1,getExpenses
FNDA:3,createExpense
FNDA:2,updateExpense
FNDA:2,deleteExpense
DA:1,3
DA:5,1
DA:6,1
DA:7,1
DA:8,1
DA:9,1
DA:11,1
DA:12,1
DA:13,1
DA:15,1
DA:16,0
DA:17,0
DA:19,1
DA:20,0
DA:21,0
DA:24,1
DA:30,1
DA:32,1
DA:35,1
DA:36,1
DA:39,1
DA:40,1
DA:45,1
DA:47,0
DA:53,3
DA:55,3
DA:56,1
DA:58,2
DA:59,1
DA:62,1
DA:63,1
DA:64,1
DA:69,1
DA:71,0
DA:77,2
DA:78,2
DA:80,2
DA:81,1
DA:83,1
DA:84,0
DA:87,1
DA:88,1
DA:89,1
DA:98,1
DA:99,0
DA:101,1
DA:103,0
DA:109,2
DA:110,2
DA:111,2
DA:115,2
DA:116,1
DA:118,1
DA:120,0
DA:124,3
LF:55
LH:45
BRDA:7,0,0,1
BRDA:7,1,0,1
BRDA:15,2,0,0
BRDA:15,2,1,1
BRDA:19,3,0,0
BRDA:19,3,1,1
BRDA:30,4,0,1
BRDA:30,4,1,1
BRDA:53,5,0,3
BRDA:53,6,0,3
BRDA:55,7,0,1
BRDA:55,7,1,2
BRDA:55,8,0,3
BRDA:55,8,1,3
BRDA:55,8,2,2
BRDA:55,8,3,2
BRDA:58,9,0,1
BRDA:58,9,1,1
BRDA:67,10,0,1
BRDA:67,10,1,1
BRDA:80,11,0,1
BRDA:80,11,1,1
BRDA:80,12,0,2
BRDA:80,12,1,2
BRDA:80,12,2,1
BRDA:80,12,3,1
BRDA:83,13,0,0
BRDA:83,13,1,1
BRDA:96,14,0,1
BRDA:96,14,1,1
BRDA:96,15,0,1
BRDA:96,15,1,1
BRDA:98,16,0,0
BRDA:98,16,1,1
BRDA:115,17,0,1
BRDA:115,17,1,1
BRF:36
BRH:32
end_of_record
TN:
SF:middlewares\auth.middleware.js
FN:3,authMiddleware
FNF:1
FNH:1
FNDA:18,authMiddleware
DA:1,3
DA:4,18
DA:5,18
DA:6,18
DA:7,5
DA:10,13
DA:11,13
DA:12,13
DA:13,13
DA:14,13
DA:16,0
DA:17,0
DA:19,0
DA:23,3
LF:14
LH:11
BRDA:4,0,0,18
BRDA:4,0,1,0
BRDA:6,1,0,5
BRDA:6,1,1,13
BRDA:6,2,0,18
BRDA:6,2,1,13
BRDA:16,3,0,0
BRDA:16,3,1,0
BRF:8
BRH:5
end_of_record
TN:
SF:routes\auth.routes.js
FNF:0
FNH:0
DA:1,3
DA:2,3
DA:3,3
DA:4,3
DA:6,3
DA:7,3
DA:8,3
DA:9,3
DA:10,3
DA:12,3
LF:10
LH:10
BRF:0
BRH:0
end_of_record
TN:
SF:routes\budget.routes.js
FNF:0
FNH:0
DA:1,3
DA:2,3
DA:3,3
DA:4,3
DA:6,3
DA:8,3
DA:9,3
DA:10,3
DA:11,3
DA:13,3
LF:10
LH:10
BRF:0
BRH:0
end_of_record
TN:
SF:routes\expense.routes.js
FNF:0
FNH:0
DA:1,3
DA:2,3
DA:3,3
DA:4,3
DA:6,3
DA:8,3
DA:9,3
DA:10,3
DA:11,3
DA:13,3
LF:10
LH:10
BRF:0
BRH:0
end_of_record
